<?xml version="1.0" encoding="UTF-8"?>
<testsuite xmlns:xsi="http://www.w3.org/2001/XMLSchema-instance" xsi:noNamespaceSchemaLocation="https://maven.apache.org/surefire/maven-surefire-plugin/xsd/surefire-test-report.xsd" name="DispatcherServletTest" time="0.45" tests="10" errors="0" skipped="0" failures="0">
  <properties>
[...]
</properties>
  <testcase name="doGet_shouldReturn404_whenNotMethodIsFound" classname="DispatcherServletTest" time="0.326"/>
  <testcase name="registerController_doesNotRegisters_nonAnnotatedMethods" classname="DispatcherServletTest" time="0.002"/>
  <testcase name="registerController_throwsIllegalArgumentException_forNonControllerClasses" classname="DispatcherServletTest" time="0.002"/>
  <testcase name="doGet_shouldReturnAResult_whenMethodSucceeds" classname="DispatcherServletTest" time="0.102"/>
  <testcase name="doGet_shouldReturnAResult_forHelloController" classname="DispatcherServletTest" time="0.003"/>
  <testcase name="doGet_shouldReturnAResult_whenMethodWithParametersSucceeds" classname="DispatcherServletTest" time="0.001"/>
  <testcase name="doGet_shouldReturn500WithMessage_whenMethodThrowsException" classname="DispatcherServletTest" time="0.006"/>
  <testcase name="registerController_doesNotRegisters_voidReturningMethods" classname="DispatcherServletTest" time="0.001"/>
  <testcase name="registerHelloController_shouldWorkCorrectly" classname="DispatcherServletTest" time="0"/>
  <testcase name="registerController_shouldRegisterCorrectyMethods" classname="DispatcherServletTest" time="0.002"/>
</testsuite>